conversationkit-ui/build/intermediates/manifest_merge_blame_file/release/manifest-merger-blame-release-report.txt
1<?xml version="1.0" encoding="utf-8"?>
2<!--
3  ~ Copyright (c) 2022 NetEase, Inc. All rights reserved.
4  ~ Use of this source code is governed by a MIT license that can be
5  ~ found in the LICENSE file.
6-->
7<manifest xmlns:android="http://schemas.android.com/apk/res/android"
8    xmlns:tools="http://schemas.android.com/tools"
9    package="com.netease.yunxin.kit.conversationkit.ui" >
10
11    <uses-sdk
12        android:minSdkVersion="21"
12-->src\main\AndroidManifest.xml
13        android:targetSdkVersion="30" />
13-->src\main\AndroidManifest.xml
14
15    <uses-permission android:name="android.permission.ACCESS_NETWORK_STATE" />
15-->src\main\AndroidManifest.xml:12:5-79
15-->src\main\AndroidManifest.xml:12:22-76
16
17    <application>
17-->src\main\AndroidManifest.xml:13:5-25:19
18        <provider
18-->src\main\AndroidManifest.xml:14:9-22:20
19            android:name="com.netease.yunxin.kit.corekit.startup.InitializationProvider"
19-->src\main\AndroidManifest.xml:15:13-89
20            android:authorities="${applicationId}.xkit-startup"
20-->src\main\AndroidManifest.xml:16:13-64
21            android:exported="false"
21-->src\main\AndroidManifest.xml:17:13-37
22            tools:node="merge" >
22-->src\main\AndroidManifest.xml:18:13-31
23            <meta-data
23-->src\main\AndroidManifest.xml:19:13-21:48
24                android:name="com.netease.yunxin.kit.conversationkit.ui.ConversationUIService"
24-->src\main\AndroidManifest.xml:20:17-95
25                android:value="xkit.startup" />
25-->src\main\AndroidManifest.xml:21:17-45
26        </provider>
27
28        <activity
28-->src\main\AndroidManifest.xml:23:9-130
29            android:name="com.netease.yunxin.kit.conversationkit.ui.page.ConversationSelectActivity"
29-->src\main\AndroidManifest.xml:23:19-66
30            android:exported="false"
30-->src\main\AndroidManifest.xml:23:104-128
31            android:screenOrientation="portrait" />
31-->src\main\AndroidManifest.xml:23:67-103
32        <activity
32-->src\main\AndroidManifest.xml:24:9-124
33            android:name="com.netease.yunxin.kit.conversationkit.ui.page.ConversationActivity"
33-->src\main\AndroidManifest.xml:24:19-60
34            android:exported="false"
34-->src\main\AndroidManifest.xml:24:98-122
35            android:screenOrientation="portrait" />
35-->src\main\AndroidManifest.xml:24:61-97
36    </application>
37
38</manifest>